-------------------------------------------------------------------------------
Test set: ninja.squad.cucumber.runner.RunCucumberTest
-------------------------------------------------------------------------------
Tests run: 4, Failures: 0, Errors: 1, Skipped: 0, Time elapsed: 3.464 s <<< FAILURE! - in ninja.squad.cucumber.runner.RunCucumberTest
DsAlgo login functionality/validation.Login using invalid username and invalid password  Time elapsed: 0.028 s  <<< ERROR!
io.cucumber.junit.UndefinedStepException: 
The step 'the user is in the login ninja.squad.cucumber.page' and 2 other step(s) are undefined.
You can implement these steps using the snippet(s) below:

@Given("the user is in the login ninja.squad.cucumber.page")
public void the_user_is_in_the_login_ninja_squad_cucumber_page() {
    // Write code here that turns the phrase above into concrete actions
    throw new io.cucumber.java.PendingException();
}
@When("the user enters invalid username and invalid password")
public void the_user_enters_invalid_username_and_invalid_password() {
    // Write code here that turns the phrase above into concrete actions
    throw new io.cucumber.java.PendingException();
}
@Then("the user is not logged in")
public void the_user_is_not_logged_in() {
    // Write code here that turns the phrase above into concrete actions
    throw new io.cucumber.java.PendingException();
}


